<?xml version="1.0" encoding="UTF-8"?>
<!-- Generated by org.testng.reporters.JUnitReportReporter -->
<testsuite hostname="LTIN509630" failures="0" tests="8" name="Irctc.IrctcBaseClass" time="-1729506560.000" errors="1" timestamp="2024-10-21T16:00:06 IST" skipped="7">
  <testcase classname="Irctc.IrctcBaseClass" name="setUp" time="-1729506560.000">
    <error message="
Parameter &#039;browser&#039; is required by BeforeClass on method setUp but has not been marked @Optional or defined
in C:\Users\2320850\eclipse-workspace\MiniProject-850\testng.xml" type="org.testng.TestNGException">
      <![CDATA[org.testng.TestNGException: 
Parameter 'browser' is required by BeforeClass on method setUp but has not been marked @Optional or defined
in C:\Users\2320850\eclipse-workspace\MiniProject-850\testng.xml
at org.testng.internal.Parameters.createParams(Parameters.java:270)
at org.testng.internal.Parameters.createParametersForMethod(Parameters.java:358)
at org.testng.internal.Parameters.createParameters(Parameters.java:700)
at org.testng.internal.Parameters.createConfigurationParameters(Parameters.java:168)
at org.testng.internal.ConfigInvoker.invokeConfigurations(ConfigInvoker.java:302)
at org.testng.internal.TestMethodWorker.invokeBeforeClassMethods(TestMethodWorker.java:176)
at org.testng.internal.TestMethodWorker.run(TestMethodWorker.java:122)
at java.base/java.util.ArrayList.forEach(ArrayList.java:1511)
at org.testng.TestRunner.privateRun(TestRunner.java:794)
at org.testng.TestRunner.run(TestRunner.java:596)
at org.testng.SuiteRunner.runTest(SuiteRunner.java:377)
at org.testng.SuiteRunner.runSequentially(SuiteRunner.java:371)
at org.testng.SuiteRunner.privateRun(SuiteRunner.java:332)
at org.testng.SuiteRunner.run(SuiteRunner.java:276)
at org.testng.SuiteRunnerWorker.runSuite(SuiteRunnerWorker.java:53)
at org.testng.SuiteRunnerWorker.run(SuiteRunnerWorker.java:96)
at org.testng.TestNG.runSuitesSequentially(TestNG.java:1212)
at org.testng.TestNG.runSuitesLocally(TestNG.java:1134)
at org.testng.TestNG.runSuites(TestNG.java:1063)
at org.testng.TestNG.run(TestNG.java:1031)
at org.testng.remote.AbstractRemoteTestNG.run(AbstractRemoteTestNG.java:115)
at org.testng.remote.RemoteTestNG.initAndRun(RemoteTestNG.java:251)
at org.testng.remote.RemoteTestNG.main(RemoteTestNG.java:77)
]]>
    </error>
  </testcase> <!-- setUp -->
  <system-out/>
  <testcase classname="Irctc.IrctcBaseClass" name="logInMethod" time="0.000">
    <skipped/>
  </testcase> <!-- logInMethod -->
  <system-out/>
  <testcase classname="Irctc.IrctcBaseClass" name="validatePage" time="0.000">
    <skipped/>
  </testcase> <!-- validatePage -->
  <system-out/>
  <testcase classname="Irctc.IrctcBaseClass" name="fromValue" time="0.000">
    <skipped/>
  </testcase> <!-- fromValue -->
  <system-out/>
  <testcase classname="Irctc.IrctcBaseClass" name="chooseDate" time="0.000">
    <skipped/>
  </testcase> <!-- chooseDate -->
  <system-out/>
  <testcase classname="Irctc.IrctcBaseClass" name="selectClasses" time="0.000">
    <skipped/>
  </testcase> <!-- selectClasses -->
  <system-out/>
  <testcase classname="Irctc.IrctcBaseClass" name="selectCheckBox" time="0.000">
    <skipped/>
  </testcase> <!-- selectCheckBox -->
  <system-out/>
  <testcase classname="Irctc.IrctcBaseClass" name="findSearchButton" time="0.000">
    <skipped/>
  </testcase> <!-- findSearchButton -->
  <system-out/>
</testsuite> <!-- Irctc.IrctcBaseClass -->
